This file contains any messages produced by compilers while
running configure, to aid debugging if configure makes a mistake.

It was created by IOTK configure 0.1, which was
generated by GNU Autoconf 2.63.  Invocation command line was

  $ ./iotk/tools/configure IOTK_INTEGER_KINDS=ALL IOTK_LOGICAL_KINDS=ALL IOTK_REAL_KINDS=ALL FC=g95

## --------- ##
## Platform. ##
## --------- ##

hostname = adsl-ull-38-181.51-151.net24.it
uname -m = i386
uname -r = 9.8.0
uname -s = Darwin
uname -v = Darwin Kernel Version 9.8.0: Wed Jul 15 16:55:01 PDT 2009; root:xnu-1228.15.4~1/RELEASE_I386

/usr/bin/uname -p = i386
/bin/uname -X     = unknown

/bin/arch              = unknown
/usr/bin/arch -k       = unknown
/usr/convex/getsysinfo = unknown
/usr/bin/hostinfo      = Mach kernel version:
	 Darwin Kernel Version 9.8.0: Wed Jul 15 16:55:01 PDT 2009; root:xnu-1228.15.4~1/RELEASE_I386
Kernel configured for up to 2 processors.
2 processors are physically available.
2 processors are logically available.
Processor type: i486 (Intel 80486)
Processors active: 0 1
Primary memory available: 2.00 gigabytes
Default processor set: 56 tasks, 268 threads, 2 processors
Load average: 1.58, Mach factor: 0.64
/bin/machine           = unknown
/usr/bin/oslevel       = unknown
/bin/universe          = unknown

PATH: /opt/local/bin
PATH: /opt/local/sbin
PATH: /usr/bin
PATH: /bin
PATH: /usr/sbin
PATH: /sbin
PATH: /usr/local/bin
PATH: /sw/bin
PATH: /usr/X11/bin


## ----------- ##
## Core tests. ##
## ----------- ##

configure:1883: checking for Fortran compiler version
configure:1891: g95 --version >&5
G95 (GCC 4.0.3 (g95 0.91!) Apr 16 2009)
Copyright (C) 2002-2005 Free Software Foundation, Inc.

G95 comes with NO WARRANTY, to the extent permitted by law.
You may redistribute copies of G95
under the terms of the GNU General Public License.
For more information about these matters, see the file named COPYING
configure:1895: $? = 0
configure:1902: g95 -v >&5
Using built-in specs.
Target: 
Configured with: ../configure --prefix=/sw/lib/gcc-lib/i386-apple-darwin9/4.0.3 --enable-languages=c --with-included-gettext
Thread model: posix
gcc version 4.0.3 (g95 0.91!) Apr 16 2009
configure:1906: $? = 0
configure:1913: g95 -V >&5
g95: '-V' option must have argument
configure:1917: $? = 1
configure:1931: checking for Fortran compiler default output file name
configure:1953: g95    conftest.f  >&5
configure:1957: $? = 0
configure:1995: result: a.out
configure:2014: checking whether the Fortran compiler works
configure:2024: ./a.out
configure:2028: $? = 0
configure:2047: result: yes
configure:2054: checking whether we are cross compiling
configure:2056: result: no
configure:2059: checking for suffix of executables
configure:2066: g95 -o conftest    conftest.f  >&5
configure:2070: $? = 0
configure:2096: result: 
configure:2102: checking for suffix of object files
configure:2118: g95 -c   conftest.f >&5
configure:2122: $? = 0
configure:2147: result: o
configure:2155: checking whether we are using the GNU Fortran compiler
configure:2174: g95 -c   conftest.F >&5
configure:2181: $? = 0
configure:2198: result: yes
configure:2204: checking whether g95 accepts -g
configure:2221: g95 -c -g  conftest.f >&5
configure:2228: $? = 0
configure:2244: result: yes
configure:2282: checking for Fortran flag to compile .f90 files
configure:2304: g95 -c -g -O2  conftest.f90 >&5
configure:2311: $? = 0
configure:2330: result: none
configure:2354: checking intrinsic FORTRAN kinds
configure:2383: checking intrinsic type INTEGER(kind=kind(1))
configure:2411: g95 -o conftest -g -O2   conftest.f90  >&5
configure:2415: $? = 0
configure:2421: ./conftest
configure:2425: $? = 0
configure:2447: result: yes
configure:2383: checking intrinsic type INTEGER(kind=1)
configure:2411: g95 -o conftest -g -O2   conftest.f90  >&5
configure:2415: $? = 0
configure:2421: ./conftest
configure:2425: $? = 0
configure:2447: result: yes
configure:2383: checking intrinsic type INTEGER(kind=2)
configure:2411: g95 -o conftest -g -O2   conftest.f90  >&5
configure:2415: $? = 0
configure:2421: ./conftest
configure:2425: $? = 0
configure:2447: result: yes
configure:2383: checking intrinsic type INTEGER(kind=3)
configure:2411: g95 -o conftest -g -O2   conftest.f90  >&5
In file conftest.f90:4

      INTEGER (kind=3) :: try
                    1
Error: Kind 3 not supported for type INTEGER at (1)
configure:2415: $? = 1
configure: program exited with status 1
configure: failed program was:
| 
|     program pippo
|       implicit none
|       INTEGER (kind=3) :: try
|       open(10,file="test.txt")
|       if(kind(try)==3) write(10,"(a,i8)") "KIND=",kind(try)
|       close(10)
|     end program pippo
| 
configure:2455: result: no
configure:2383: checking intrinsic type INTEGER(kind=4)
configure:2411: g95 -o conftest -g -O2   conftest.f90  >&5
configure:2415: $? = 0
configure:2421: ./conftest
configure:2425: $? = 0
configure:2447: result: yes
configure:2383: checking intrinsic type INTEGER(kind=5)
configure:2411: g95 -o conftest -g -O2   conftest.f90  >&5
In file conftest.f90:4

      INTEGER (kind=5) :: try
                    1
Error: Kind 5 not supported for type INTEGER at (1)
configure:2415: $? = 1
configure: program exited with status 1
configure: failed program was:
| 
|     program pippo
|       implicit none
|       INTEGER (kind=5) :: try
|       open(10,file="test.txt")
|       if(kind(try)==5) write(10,"(a,i8)") "KIND=",kind(try)
|       close(10)
|     end program pippo
| 
configure:2455: result: no
configure:2383: checking intrinsic type INTEGER(kind=6)
configure:2411: g95 -o conftest -g -O2   conftest.f90  >&5
In file conftest.f90:4

      INTEGER (kind=6) :: try
                    1
Error: Kind 6 not supported for type INTEGER at (1)
configure:2415: $? = 1
configure: program exited with status 1
configure: failed program was:
| 
|     program pippo
|       implicit none
|       INTEGER (kind=6) :: try
|       open(10,file="test.txt")
|       if(kind(try)==6) write(10,"(a,i8)") "KIND=",kind(try)
|       close(10)
|     end program pippo
| 
configure:2455: result: no
configure:2383: checking intrinsic type INTEGER(kind=7)
configure:2411: g95 -o conftest -g -O2   conftest.f90  >&5
In file conftest.f90:4

      INTEGER (kind=7) :: try
                    1
Error: Kind 7 not supported for type INTEGER at (1)
configure:2415: $? = 1
configure: program exited with status 1
configure: failed program was:
| 
|     program pippo
|       implicit none
|       INTEGER (kind=7) :: try
|       open(10,file="test.txt")
|       if(kind(try)==7) write(10,"(a,i8)") "KIND=",kind(try)
|       close(10)
|     end program pippo
| 
configure:2455: result: no
configure:2383: checking intrinsic type INTEGER(kind=8)
configure:2411: g95 -o conftest -g -O2   conftest.f90  >&5
configure:2415: $? = 0
configure:2421: ./conftest
configure:2425: $? = 0
configure:2447: result: yes
configure:2383: checking intrinsic type INTEGER(kind=10)
configure:2411: g95 -o conftest -g -O2   conftest.f90  >&5
In file conftest.f90:4

      INTEGER (kind=10) :: try
                    1
Error: Kind 10 not supported for type INTEGER at (1)
configure:2415: $? = 1
configure: program exited with status 1
configure: failed program was:
| 
|     program pippo
|       implicit none
|       INTEGER (kind=10) :: try
|       open(10,file="test.txt")
|       if(kind(try)==10) write(10,"(a,i8)") "KIND=",kind(try)
|       close(10)
|     end program pippo
| 
configure:2455: result: no
configure:2383: checking intrinsic type INTEGER(kind=12)
configure:2411: g95 -o conftest -g -O2   conftest.f90  >&5
In file conftest.f90:4

      INTEGER (kind=12) :: try
                    1
Error: Kind 12 not supported for type INTEGER at (1)
configure:2415: $? = 1
configure: program exited with status 1
configure: failed program was:
| 
|     program pippo
|       implicit none
|       INTEGER (kind=12) :: try
|       open(10,file="test.txt")
|       if(kind(try)==12) write(10,"(a,i8)") "KIND=",kind(try)
|       close(10)
|     end program pippo
| 
configure:2455: result: no
configure:2383: checking intrinsic type INTEGER(kind=16)
configure:2411: g95 -o conftest -g -O2   conftest.f90  >&5
In file conftest.f90:4

      INTEGER (kind=16) :: try
                    1
Error: Kind 16 not supported for type INTEGER at (1)
configure:2415: $? = 1
configure: program exited with status 1
configure: failed program was:
| 
|     program pippo
|       implicit none
|       INTEGER (kind=16) :: try
|       open(10,file="test.txt")
|       if(kind(try)==16) write(10,"(a,i8)") "KIND=",kind(try)
|       close(10)
|     end program pippo
| 
configure:2455: result: no
configure:2383: checking intrinsic type INTEGER(kind=24)
configure:2411: g95 -o conftest -g -O2   conftest.f90  >&5
In file conftest.f90:4

      INTEGER (kind=24) :: try
                    1
Error: Kind 24 not supported for type INTEGER at (1)
configure:2415: $? = 1
configure: program exited with status 1
configure: failed program was:
| 
|     program pippo
|       implicit none
|       INTEGER (kind=24) :: try
|       open(10,file="test.txt")
|       if(kind(try)==24) write(10,"(a,i8)") "KIND=",kind(try)
|       close(10)
|     end program pippo
| 
configure:2455: result: no
configure:2383: checking intrinsic type INTEGER(kind=32)
configure:2411: g95 -o conftest -g -O2   conftest.f90  >&5
In file conftest.f90:4

      INTEGER (kind=32) :: try
                    1
Error: Kind 32 not supported for type INTEGER at (1)
configure:2415: $? = 1
configure: program exited with status 1
configure: failed program was:
| 
|     program pippo
|       implicit none
|       INTEGER (kind=32) :: try
|       open(10,file="test.txt")
|       if(kind(try)==32) write(10,"(a,i8)") "KIND=",kind(try)
|       close(10)
|     end program pippo
| 
configure:2455: result: no
configure:2465: Eliminating duplicates
configure:2383: checking intrinsic type LOGICAL(kind=kind(.true.))
configure:2411: g95 -o conftest -g -O2   conftest.f90  >&5
configure:2415: $? = 0
configure:2421: ./conftest
configure:2425: $? = 0
configure:2447: result: yes
configure:2383: checking intrinsic type LOGICAL(kind=1)
configure:2411: g95 -o conftest -g -O2   conftest.f90  >&5
configure:2415: $? = 0
configure:2421: ./conftest
configure:2425: $? = 0
configure:2447: result: yes
configure:2383: checking intrinsic type LOGICAL(kind=2)
configure:2411: g95 -o conftest -g -O2   conftest.f90  >&5
configure:2415: $? = 0
configure:2421: ./conftest
configure:2425: $? = 0
configure:2447: result: yes
configure:2383: checking intrinsic type LOGICAL(kind=3)
configure:2411: g95 -o conftest -g -O2   conftest.f90  >&5
In file conftest.f90:4

      LOGICAL (kind=3) :: try
                    1
Error: Kind 3 not supported for type LOGICAL at (1)
configure:2415: $? = 1
configure: program exited with status 1
configure: failed program was:
| 
|     program pippo
|       implicit none
|       LOGICAL (kind=3) :: try
|       open(10,file="test.txt")
|       if(kind(try)==3) write(10,"(a,i8)") "KIND=",kind(try)
|       close(10)
|     end program pippo
| 
configure:2455: result: no
configure:2383: checking intrinsic type LOGICAL(kind=4)
configure:2411: g95 -o conftest -g -O2   conftest.f90  >&5
configure:2415: $? = 0
configure:2421: ./conftest
configure:2425: $? = 0
configure:2447: result: yes
configure:2383: checking intrinsic type LOGICAL(kind=5)
configure:2411: g95 -o conftest -g -O2   conftest.f90  >&5
In file conftest.f90:4

      LOGICAL (kind=5) :: try
                    1
Error: Kind 5 not supported for type LOGICAL at (1)
configure:2415: $? = 1
configure: program exited with status 1
configure: failed program was:
| 
|     program pippo
|       implicit none
|       LOGICAL (kind=5) :: try
|       open(10,file="test.txt")
|       if(kind(try)==5) write(10,"(a,i8)") "KIND=",kind(try)
|       close(10)
|     end program pippo
| 
configure:2455: result: no
configure:2383: checking intrinsic type LOGICAL(kind=6)
configure:2411: g95 -o conftest -g -O2   conftest.f90  >&5
In file conftest.f90:4

      LOGICAL (kind=6) :: try
                    1
Error: Kind 6 not supported for type LOGICAL at (1)
configure:2415: $? = 1
configure: program exited with status 1
configure: failed program was:
| 
|     program pippo
|       implicit none
|       LOGICAL (kind=6) :: try
|       open(10,file="test.txt")
|       if(kind(try)==6) write(10,"(a,i8)") "KIND=",kind(try)
|       close(10)
|     end program pippo
| 
configure:2455: result: no
configure:2383: checking intrinsic type LOGICAL(kind=7)
configure:2411: g95 -o conftest -g -O2   conftest.f90  >&5
In file conftest.f90:4

      LOGICAL (kind=7) :: try
                    1
Error: Kind 7 not supported for type LOGICAL at (1)
configure:2415: $? = 1
configure: program exited with status 1
configure: failed program was:
| 
|     program pippo
|       implicit none
|       LOGICAL (kind=7) :: try
|       open(10,file="test.txt")
|       if(kind(try)==7) write(10,"(a,i8)") "KIND=",kind(try)
|       close(10)
|     end program pippo
| 
configure:2455: result: no
configure:2383: checking intrinsic type LOGICAL(kind=8)
configure:2411: g95 -o conftest -g -O2   conftest.f90  >&5
configure:2415: $? = 0
configure:2421: ./conftest
configure:2425: $? = 0
configure:2447: result: yes
configure:2383: checking intrinsic type LOGICAL(kind=10)
configure:2411: g95 -o conftest -g -O2   conftest.f90  >&5
In file conftest.f90:4

      LOGICAL (kind=10) :: try
                    1
Error: Kind 10 not supported for type LOGICAL at (1)
configure:2415: $? = 1
configure: program exited with status 1
configure: failed program was:
| 
|     program pippo
|       implicit none
|       LOGICAL (kind=10) :: try
|       open(10,file="test.txt")
|       if(kind(try)==10) write(10,"(a,i8)") "KIND=",kind(try)
|       close(10)
|     end program pippo
| 
configure:2455: result: no
configure:2383: checking intrinsic type LOGICAL(kind=12)
configure:2411: g95 -o conftest -g -O2   conftest.f90  >&5
In file conftest.f90:4

      LOGICAL (kind=12) :: try
                    1
Error: Kind 12 not supported for type LOGICAL at (1)
configure:2415: $? = 1
configure: program exited with status 1
configure: failed program was:
| 
|     program pippo
|       implicit none
|       LOGICAL (kind=12) :: try
|       open(10,file="test.txt")
|       if(kind(try)==12) write(10,"(a,i8)") "KIND=",kind(try)
|       close(10)
|     end program pippo
| 
configure:2455: result: no
configure:2383: checking intrinsic type LOGICAL(kind=16)
configure:2411: g95 -o conftest -g -O2   conftest.f90  >&5
In file conftest.f90:4

      LOGICAL (kind=16) :: try
                    1
Error: Kind 16 not supported for type LOGICAL at (1)
configure:2415: $? = 1
configure: program exited with status 1
configure: failed program was:
| 
|     program pippo
|       implicit none
|       LOGICAL (kind=16) :: try
|       open(10,file="test.txt")
|       if(kind(try)==16) write(10,"(a,i8)") "KIND=",kind(try)
|       close(10)
|     end program pippo
| 
configure:2455: result: no
configure:2383: checking intrinsic type LOGICAL(kind=24)
configure:2411: g95 -o conftest -g -O2   conftest.f90  >&5
In file conftest.f90:4

      LOGICAL (kind=24) :: try
                    1
Error: Kind 24 not supported for type LOGICAL at (1)
configure:2415: $? = 1
configure: program exited with status 1
configure: failed program was:
| 
|     program pippo
|       implicit none
|       LOGICAL (kind=24) :: try
|       open(10,file="test.txt")
|       if(kind(try)==24) write(10,"(a,i8)") "KIND=",kind(try)
|       close(10)
|     end program pippo
| 
configure:2455: result: no
configure:2383: checking intrinsic type LOGICAL(kind=32)
configure:2411: g95 -o conftest -g -O2   conftest.f90  >&5
In file conftest.f90:4

      LOGICAL (kind=32) :: try
                    1
Error: Kind 32 not supported for type LOGICAL at (1)
configure:2415: $? = 1
configure: program exited with status 1
configure: failed program was:
| 
|     program pippo
|       implicit none
|       LOGICAL (kind=32) :: try
|       open(10,file="test.txt")
|       if(kind(try)==32) write(10,"(a,i8)") "KIND=",kind(try)
|       close(10)
|     end program pippo
| 
configure:2455: result: no
configure:2465: Eliminating duplicates
configure:2383: checking intrinsic type REAL(kind=1)
configure:2411: g95 -o conftest -g -O2   conftest.f90  >&5
In file conftest.f90:4

      REAL (kind=1) :: try
                 1
Error: Kind 1 not supported for type REAL at (1)
configure:2415: $? = 1
configure: program exited with status 1
configure: failed program was:
| 
|     program pippo
|       implicit none
|       REAL (kind=1) :: try
|       open(10,file="test.txt")
|       if(kind(try)==1) write(10,"(a,i8)") "KIND=",kind(try)
|       close(10)
|     end program pippo
| 
configure:2455: result: no
configure:2383: checking intrinsic type REAL(kind=2)
configure:2411: g95 -o conftest -g -O2   conftest.f90  >&5
In file conftest.f90:4

      REAL (kind=2) :: try
                 1
Error: Kind 2 not supported for type REAL at (1)
configure:2415: $? = 1
configure: program exited with status 1
configure: failed program was:
| 
|     program pippo
|       implicit none
|       REAL (kind=2) :: try
|       open(10,file="test.txt")
|       if(kind(try)==2) write(10,"(a,i8)") "KIND=",kind(try)
|       close(10)
|     end program pippo
| 
configure:2455: result: no
configure:2383: checking intrinsic type REAL(kind=3)
configure:2411: g95 -o conftest -g -O2   conftest.f90  >&5
In file conftest.f90:4

      REAL (kind=3) :: try
                 1
Error: Kind 3 not supported for type REAL at (1)
configure:2415: $? = 1
configure: program exited with status 1
configure: failed program was:
| 
|     program pippo
|       implicit none
|       REAL (kind=3) :: try
|       open(10,file="test.txt")
|       if(kind(try)==3) write(10,"(a,i8)") "KIND=",kind(try)
|       close(10)
|     end program pippo
| 
configure:2455: result: no
configure:2383: checking intrinsic type REAL(kind=4)
configure:2411: g95 -o conftest -g -O2   conftest.f90  >&5
configure:2415: $? = 0
configure:2421: ./conftest
configure:2425: $? = 0
configure:2447: result: yes
configure:2383: checking intrinsic type REAL(kind=5)
configure:2411: g95 -o conftest -g -O2   conftest.f90  >&5
In file conftest.f90:4

      REAL (kind=5) :: try
                 1
Error: Kind 5 not supported for type REAL at (1)
configure:2415: $? = 1
configure: program exited with status 1
configure: failed program was:
| 
|     program pippo
|       implicit none
|       REAL (kind=5) :: try
|       open(10,file="test.txt")
|       if(kind(try)==5) write(10,"(a,i8)") "KIND=",kind(try)
|       close(10)
|     end program pippo
| 
configure:2455: result: no
configure:2383: checking intrinsic type REAL(kind=6)
configure:2411: g95 -o conftest -g -O2   conftest.f90  >&5
In file conftest.f90:4

      REAL (kind=6) :: try
                 1
Error: Kind 6 not supported for type REAL at (1)
configure:2415: $? = 1
configure: program exited with status 1
configure: failed program was:
| 
|     program pippo
|       implicit none
|       REAL (kind=6) :: try
|       open(10,file="test.txt")
|       if(kind(try)==6) write(10,"(a,i8)") "KIND=",kind(try)
|       close(10)
|     end program pippo
| 
configure:2455: result: no
configure:2383: checking intrinsic type REAL(kind=7)
configure:2411: g95 -o conftest -g -O2   conftest.f90  >&5
In file conftest.f90:4

      REAL (kind=7) :: try
                 1
Error: Kind 7 not supported for type REAL at (1)
configure:2415: $? = 1
configure: program exited with status 1
configure: failed program was:
| 
|     program pippo
|       implicit none
|       REAL (kind=7) :: try
|       open(10,file="test.txt")
|       if(kind(try)==7) write(10,"(a,i8)") "KIND=",kind(try)
|       close(10)
|     end program pippo
| 
configure:2455: result: no
configure:2383: checking intrinsic type REAL(kind=8)
configure:2411: g95 -o conftest -g -O2   conftest.f90  >&5
configure:2415: $? = 0
configure:2421: ./conftest
configure:2425: $? = 0
configure:2447: result: yes
configure:2383: checking intrinsic type REAL(kind=10)
configure:2411: g95 -o conftest -g -O2   conftest.f90  >&5
configure:2415: $? = 0
configure:2421: ./conftest
configure:2425: $? = 0
configure:2447: result: yes
configure:2383: checking intrinsic type REAL(kind=12)
configure:2411: g95 -o conftest -g -O2   conftest.f90  >&5
In file conftest.f90:4

      REAL (kind=12) :: try
                 1
Error: Kind 12 not supported for type REAL at (1)
configure:2415: $? = 1
configure: program exited with status 1
configure: failed program was:
| 
|     program pippo
|       implicit none
|       REAL (kind=12) :: try
|       open(10,file="test.txt")
|       if(kind(try)==12) write(10,"(a,i8)") "KIND=",kind(try)
|       close(10)
|     end program pippo
| 
configure:2455: result: no
configure:2383: checking intrinsic type REAL(kind=16)
configure:2411: g95 -o conftest -g -O2   conftest.f90  >&5
In file conftest.f90:4

      REAL (kind=16) :: try
                 1
Error: Kind 16 not supported for type REAL at (1)
configure:2415: $? = 1
configure: program exited with status 1
configure: failed program was:
| 
|     program pippo
|       implicit none
|       REAL (kind=16) :: try
|       open(10,file="test.txt")
|       if(kind(try)==16) write(10,"(a,i8)") "KIND=",kind(try)
|       close(10)
|     end program pippo
| 
configure:2455: result: no
configure:2383: checking intrinsic type REAL(kind=24)
configure:2411: g95 -o conftest -g -O2   conftest.f90  >&5
In file conftest.f90:4

      REAL (kind=24) :: try
                 1
Error: Kind 24 not supported for type REAL at (1)
configure:2415: $? = 1
configure: program exited with status 1
configure: failed program was:
| 
|     program pippo
|       implicit none
|       REAL (kind=24) :: try
|       open(10,file="test.txt")
|       if(kind(try)==24) write(10,"(a,i8)") "KIND=",kind(try)
|       close(10)
|     end program pippo
| 
configure:2455: result: no
configure:2383: checking intrinsic type REAL(kind=32)
configure:2411: g95 -o conftest -g -O2   conftest.f90  >&5
In file conftest.f90:4

      REAL (kind=32) :: try
                 1
Error: Kind 32 not supported for type REAL at (1)
configure:2415: $? = 1
configure: program exited with status 1
configure: failed program was:
| 
|     program pippo
|       implicit none
|       REAL (kind=32) :: try
|       open(10,file="test.txt")
|       if(kind(try)==32) write(10,"(a,i8)") "KIND=",kind(try)
|       close(10)
|     end program pippo
| 
configure:2455: result: no
configure:2465: Eliminating duplicates
configure:2506: checking for known bugs
configure:2510: checking bug in non-advancing read
configure:2563: g95 -o conftest -g -O2   conftest.f90  >&5
configure:2567: $? = 0
configure:2573: ./conftest
configure:2577: $? = 0
configure:2598: result: no
configure:2613: checking bug in converting between logical(2) and logical(8) (if they exist)
configure:2634: g95 -c -g -O2  conftest.f90 >&5
configure:2641: $? = 0
configure:2658: result: no
configure:2669: checking bug in pack
configure:2712: g95 -o conftest -g -O2   conftest.f90  >&5
configure:2716: $? = 0
configure:2722: ./conftest
configure:2726: $? = 0
configure:2747: result: no
configure:2765: checking other bug in pack
configure:2789: g95 -c -g -O2  conftest.f90 >&5
configure:2796: $? = 0
configure:2813: result: no
configure:2823: checking huge(1_1) does not compile as a parameter
configure:2840: g95 -c -g -O2  conftest.f90 >&5
configure:2847: $? = 0
configure:2864: result: no
configure:2873: checking bug in intent
configure:2891: g95 -c -g -O2  conftest.f90 >&5
configure:2898: $? = 0
configure:2914: result: no
configure:3096: creating ./config.status

## ---------------------- ##
## Running config.status. ##
## ---------------------- ##

This file was extended by IOTK config.status 0.1, which was
generated by GNU Autoconf 2.63.  Invocation command line was

  CONFIG_FILES    = 
  CONFIG_HEADERS  = 
  CONFIG_LINKS    = 
  CONFIG_COMMANDS = 
  $ ./config.status 

on adsl-ull-38-181.51-151.net24.it

config.status:666: creating ./iotk/include/iotk_config.h

## ---------------- ##
## Cache variables. ##
## ---------------- ##

ac_cv_env_FCFLAGS_set=
ac_cv_env_FCFLAGS_value=
ac_cv_env_FC_set=set
ac_cv_env_FC_value=g95
ac_cv_env_LDFLAGS_set=
ac_cv_env_LDFLAGS_value=
ac_cv_env_LIBS_set=
ac_cv_env_LIBS_value=
ac_cv_env_build_alias_set=
ac_cv_env_build_alias_value=
ac_cv_env_host_alias_set=
ac_cv_env_host_alias_value=
ac_cv_env_target_alias_set=
ac_cv_env_target_alias_value=
ac_cv_fc_compiler_gnu=yes
ac_cv_fc_srcext_f90=none
ac_cv_objext=o
ac_cv_prog_fc_g=yes

## ----------------- ##
## Output variables. ##
## ----------------- ##

DEFS='-DPACKAGE_NAME=\"IOTK\" -DPACKAGE_TARNAME=\"iotk\" -DPACKAGE_VERSION=\"0.1\" -DPACKAGE_STRING=\"IOTK\ 0.1\" -DPACKAGE_BUGREPORT=\"\"'
ECHO_C='\c'
ECHO_N=''
ECHO_T=''
EXEEXT=''
FC='g95'
FCFLAGS='-g -O2'
FCFLAGS_f90=''
IOTK_BUGS=''
IOTK_INTEGER1='#define __IOTK_INTEGER1 4'
IOTK_INTEGER2='#define __IOTK_INTEGER2 1'
IOTK_INTEGER3='#define __IOTK_INTEGER3 2'
IOTK_INTEGER4='#define __IOTK_INTEGER4 8'
IOTK_INTEGER=''
IOTK_LOGICAL1='#define __IOTK_LOGICAL1 4'
IOTK_LOGICAL2='#define __IOTK_LOGICAL2 1'
IOTK_LOGICAL3='#define __IOTK_LOGICAL3 2'
IOTK_LOGICAL4='#define __IOTK_LOGICAL4 8'
IOTK_LOGICAL=''
IOTK_MAX_RANK=''
IOTK_REAL1='#define __IOTK_REAL1 4'
IOTK_REAL2='#define __IOTK_REAL2 8'
IOTK_REAL3='#define __IOTK_REAL3 10'
IOTK_REAL4=''
IOTK_REAL=''
IOTK_WORKAROUND1=''
IOTK_WORKAROUND2=''
IOTK_WORKAROUND3=''
IOTK_WORKAROUND4=''
IOTK_WORKAROUND5=''
IOTK_WORKAROUND6=''
IOTK_WORKAROUND7=''
IOTK_WORKAROUND8=''
IOTK_WORKAROUND9=''
LDFLAGS=''
LIBOBJS=''
LIBS=''
LTLIBOBJS=''
OBJEXT='o'
PACKAGE_BUGREPORT=''
PACKAGE_NAME='IOTK'
PACKAGE_STRING='IOTK 0.1'
PACKAGE_TARNAME='iotk'
PACKAGE_VERSION='0.1'
PATH_SEPARATOR=':'
SHELL='/bin/sh'
ac_ct_FC=''
bindir='${exec_prefix}/bin'
build_alias=''
datadir='${datarootdir}'
datarootdir='${prefix}/share'
docdir='${datarootdir}/doc/${PACKAGE_TARNAME}'
dvidir='${docdir}'
exec_prefix='${prefix}'
host_alias=''
htmldir='${docdir}'
includedir='${prefix}/include'
infodir='${datarootdir}/info'
libdir='${exec_prefix}/lib'
libexecdir='${exec_prefix}/libexec'
localedir='${datarootdir}/locale'
localstatedir='${prefix}/var'
mandir='${datarootdir}/man'
oldincludedir='/usr/include'
pdfdir='${docdir}'
prefix='/usr/local'
program_transform_name='s,x,x,'
psdir='${docdir}'
sbindir='${exec_prefix}/sbin'
sharedstatedir='${prefix}/com'
sysconfdir='${prefix}/etc'
target_alias=''

## ----------- ##
## confdefs.h. ##
## ----------- ##

#define PACKAGE_NAME "IOTK"
#define PACKAGE_TARNAME "iotk"
#define PACKAGE_VERSION "0.1"
#define PACKAGE_STRING "IOTK 0.1"
#define PACKAGE_BUGREPORT ""

configure: exit 0

## ---------------- ##
## Cache variables. ##
## ---------------- ##

ac_cv_build=i686-apple-darwin9.8.0
ac_cv_c_compiler_gnu=yes
ac_cv_env_CC_set=
ac_cv_env_CC_value=
ac_cv_env_CFLAGS_set=
ac_cv_env_CFLAGS_value=
ac_cv_env_CPPFLAGS_set=
ac_cv_env_CPPFLAGS_value=
ac_cv_env_CPP_set=
ac_cv_env_CPP_value=
ac_cv_env_F77_set=
ac_cv_env_F77_value=
ac_cv_env_FFLAGS_set=
ac_cv_env_FFLAGS_value=
ac_cv_env_LDFLAGS_set=
ac_cv_env_LDFLAGS_value=
ac_cv_env_LIBS_set=
ac_cv_env_LIBS_value=
ac_cv_env_build_alias_set=
ac_cv_env_build_alias_value=
ac_cv_env_host_alias_set=
ac_cv_env_host_alias_value=
ac_cv_env_target_alias_set=
ac_cv_env_target_alias_value=
ac_cv_f77_compiler_gnu=yes
ac_cv_f77_dummy_main=none
ac_cv_f77_libs=' -L/sw/bin/../lib/gcc-lib/i386-apple-darwin9/4.0.3/ -L/sw/bin/../lib/gcc-lib/i386-apple-darwin9/4.0.3 -L/sw/lib/gcc-lib/i386-apple-darwin9/4.0.3/ -L/usr/lib/gcc// -L/sw/bin/../lib/gcc-lib/i386-apple-darwin9/4.0.3/// -L/sw/lib/gcc-lib/i386-apple-darwin9/4.0.3/// -L/usr/lib// -lf95 -lm -lSystemStubs -lmx'
ac_cv_f77_mangling='lower case, underscore, extra underscore'
ac_cv_fortran_dummy_main=none
ac_cv_header_inttypes_h=yes
ac_cv_header_malloc_h=no
ac_cv_header_memory_h=yes
ac_cv_header_stdc=yes
ac_cv_header_stdint_h=yes
ac_cv_header_stdlib_h=yes
ac_cv_header_string_h=yes
ac_cv_header_strings_h=yes
ac_cv_header_sys_stat_h=yes
ac_cv_header_sys_types_h=yes
ac_cv_header_unistd_h=yes
ac_cv_objext=o
ac_cv_path_EGREP='/usr/bin/grep -E'
ac_cv_path_GREP=/usr/bin/grep
ac_cv_prog_CPP='cc -E'
ac_cv_prog_ac_ct_CC=cc
ac_cv_prog_ac_ct_F77=g95
ac_cv_prog_cc_c89=
ac_cv_prog_cc_g=yes
ac_cv_prog_f77_g=yes
ac_cv_prog_f77_v=-v
ac_cv_prog_make_make_set=yes
ac_cv_prog_ranlib=ranlib
ac_cv_search_dgemm='none required'
ac_cv_search_fftwnd=no
ac_cv_search_mpi_init=no
ac_cv_search_zggev=-llapack
ac_cv_sizeof_int_p=4
ac_cv_type_int_p=yes

## ----------------- ##
## Output variables. ##
## ----------------- ##

CC='cc'
CFLAGS='-O3'
CPP='cc -E'
CPPFLAGS='-O3'
Configured for compilation of serial executables.'
DEFS='-DHAVE_CONFIG_H'
ECHO_C='ECHO_N=''
ECHO_T=''
EGREP='/usr/bin/grep -E'
EXEEXT=''
F77='g95'
FFLAGS='-O3 -cpp '
FLIBS=' -L/sw/bin/../lib/gcc-lib/i386-apple-darwin9/4.0.3/ -L/sw/bin/../lib/gcc-lib/i386-apple-darwin9/4.0.3 -L/sw/lib/gcc-lib/i386-apple-darwin9/4.0.3/ -L/usr/lib/gcc// -L/sw/bin/../lib/gcc-lib/i386-apple-darwin9/4.0.3/// -L/sw/lib/gcc-lib/i386-apple-darwin9/4.0.3/// -L/usr/lib// -lf95 -lm -lSystemStubs -lmx'
GREP='/usr/bin/grep'
LDFLAGS=''
LIBOBJS=''
LIBS=''
LTLIBOBJS=''
OBJEXT='o'
PACKAGE_BUGREPORT=''
PACKAGE_NAME='S3DE'
PACKAGE_STRING='S3DE 0.1.2'
PACKAGE_TARNAME='s3de'
PACKAGE_VERSION='0.1.2'
PATH_SEPARATOR=':'
SET_MAKE=''
SHELL='/bin/sh'
SIZEOF_INT_P='4'
ac_ct_CC='cc'
ac_ct_F77='g95'
ar='ar'
arch='mac686'
arflags='ruv'
arflags_dynamic='ruv'
bindir='${exec_prefix}/bin'
blas_libs=' -latlas'
blas_libs_switch='external'
blas_line='BLAS_LIBS= -latlas'
build='i686-apple-darwin9.8.0'
build_alias=''
build_cpu='i686'
build_os='darwin9.8.0'
build_vendor='apple'
cc='cc'
cflags='-O3'
cpp='cpp'
cppflags='-P -traditional'
datadir='${datarootdir}'
datarootdir='${prefix}/share'
dflags=' -D__G95 -D__FFTW -D__USE_INTERNAL_FFTW'
docdir='${datarootdir}/doc/${PACKAGE_TARNAME}'
dvidir='${docdir}'
exec_prefix='${prefix}'
f77='g95'
f90='g95'
f90flags='$(FFLAGS)'
f90rule='$(MPIF90) $(F90FLAGS) -c $<'
fautodbl='-r8'
fdflags='$(DFLAGS)'
fflags='-O3 -cpp'
fflags_noopt='-O0 -cpp'
fft_libs='/Users/marsamos/SaX_svn/SaX/fftw/src/libfftw.a'
fft_libs_include='-I/Users/marsamos/SaX_svn/SaX/fftw/include'
fft_libs_switch='internal'
fft_line='FFT_LIBS=/Users/marsamos/SaX_svn/SaX/fftw/src/libfftw.a'
host='i686-apple-darwin9.8.0'
host_alias=''
htmldir='${docdir}'
iflags='-I../include'
imod='-I'
includedir='${prefix}/include'
includefftw=''
infodir='${datarootdir}/info'
internal_libs=''
lapack_libs=' -llapack'
lapack_libs_switch='external'
lapack_line='LAPACK_LIBS= -llapack'
ld='g95'
ldflags=''
libdir='${exec_prefix}/lib'
libexecdir='${exec_prefix}/libexec'
localedir='${datarootdir}/locale'
localstatedir='${prefix}/var'
mandir='${datarootdir}/man'
mass_libs=''
mass_line='@delete@'
mpi_libs=''
mpi_line='@delete@'
mpif90='g95'
oldincludedir='/usr/include'
parallel_report='Parallel environment not detected \(is this a parallel machine?\).\
pdfdir='${docdir}'
pgplot_libs=''
pre_fdflags=''
prefix='/usr/local'
program_transform_name='s,x,x,'
psdir='${docdir}'
ranlib='ranlib'
sbindir='${exec_prefix}/sbin'
sharedstatedir='${prefix}/com'
sysconfdir='${prefix}/etc'
target_alias=''

configure: exit 0
