##################################################
Today is 19/04/2010
    
          *            @@@@      @@     @@
         * *o         @@          @@   @@
        *** *o         @@          @@ @@
       **  * *o         @@  @@@@   @@ @@
       v    * *o        @@ @@  @  @@   @@
             * *     @@@@  @@@@@ @@     @@
              * *
               * *
               * *  *******
               * *  *    *
               * * *    *
               *  *    *
               *      *
               *     *
                *   *
                 ***
     
FOLLOW THE WHITE RABBIT ...and try to catch it!
18:09:39.742:  www.sax-project.org, version 0.1.0
18:09:39.742:  Program gw.x starts
18:09:39.743:  This is log from pe 000 of 001
18:09:39.743:  Writing here initial mallinfo ...
  0           0           0           0           0           0           0MALLINFO
18:09:39.744:  ... done
18:09:39.745:  Writing here initial PW statistics ...
 Pw library statistics
 rank          : 0
 integer       : 0
 basis integer : 0
 real          : 0
 complex       : 0
 Pw library end statistics
18:09:39.746:  ... done
18:09:39.746:  Pasting input file /Users/marsamos/S3DE/sax/examples/example3/gw1.in ...

<input>
<sax_options
  calculation_kind = "GW"
  start_from = "DFT"
  gw_integration_method = "plasmon_pole"
  calc_plasmon_pole_parameters = "T"
  lorentzian_broadening = "0.01"
  plasmon_energy = "1.0"
  nbandmin = "1"
  nbandmax = "36"
  nelec    = "8.0"
  convert_from_pwscf="T"
  convert_from_pwscf_file="Sibulk.export/index.xml"
  system_kind="3D"
  calc_polarizability="T"
  cutoff_polarizability="8.0"
  calc_w="T"
  cutoff_fock="15.0" 
/>

<structure>
  <direct
    a1 = " -5.1 ,  0.0 ,  5.1"
    a2 = "  0.0 ,  5.1 , 5.1"
    a3 = "  -5.1 , 5.1 ,  0.0" />
</structure>

<atoms>
<types ntypes="1">
Si  "/Users/marsamos/S3DE/sax/examples/pseudos/Si.vbc.UPF" 15.0
</types>
<positions natoms="2" units="bohr" alat="1.0">
Si      0.000000000     0.000000000     0.0000000000
Si      -2.55           2.55            2.55
</positions>
</atoms>

<kmesh>
<mesh nk="3 3 3" shift="0.5 0.5 0.5"/>
</kmesh>

</input>

18:09:39.747:  ... done
18:09:39.748:  Opening input file /Users/marsamos/S3DE/sax/examples/example3/gw1.in ... done
18:09:39.749:  Reading options ... done
18:09:39.750:  Self_Energy calculated within GW approximation
18:09:39.751:  3D system kind
18:09:39.752:  Reading structure ... done
18:09:39.753:  Reading atoms ... done
18:09:39.874:  Symmetries are not implemented
18:09:39.874:  Reading kmesh ... done
18:09:39.881:  Closing input file /Users/marsamos/S3DE/sax/examples/example3/gw1.in ... done
18:09:39.882:  Writing here the kmesh for PWSCF code ...
K_POINTS crystal
   27
    0.166666667    0.166666667    0.166666667    0.037037037
    0.500000000    0.166666667    0.166666667    0.037037037
    0.833333333    0.166666667    0.166666667    0.037037037
    0.166666667    0.500000000    0.166666667    0.037037037
    0.500000000    0.500000000    0.166666667    0.037037037
    0.833333333    0.500000000    0.166666667    0.037037037
    0.166666667    0.833333333    0.166666667    0.037037037
    0.500000000    0.833333333    0.166666667    0.037037037
    0.833333333    0.833333333    0.166666667    0.037037037
    0.166666667    0.166666667    0.500000000    0.037037037
    0.500000000    0.166666667    0.500000000    0.037037037
    0.833333333    0.166666667    0.500000000    0.037037037
    0.166666667    0.500000000    0.500000000    0.037037037
    0.500000000    0.500000000    0.500000000    0.037037037
    0.833333333    0.500000000    0.500000000    0.037037037
    0.166666667    0.833333333    0.500000000    0.037037037
    0.500000000    0.833333333    0.500000000    0.037037037
    0.833333333    0.833333333    0.500000000    0.037037037
    0.166666667    0.166666667    0.833333333    0.037037037
    0.500000000    0.166666667    0.833333333    0.037037037
    0.833333333    0.166666667    0.833333333    0.037037037
    0.166666667    0.500000000    0.833333333    0.037037037
    0.500000000    0.500000000    0.833333333    0.037037037
    0.833333333    0.500000000    0.833333333    0.037037037
    0.166666667    0.833333333    0.833333333    0.037037037
    0.500000000    0.833333333    0.833333333    0.037037037
    0.833333333    0.833333333    0.833333333    0.037037037
18:09:39.883:  ... done
18:09:39.884:  Initializing smearing for fermi energy and occupations... done
18:09:39.885:  Smearing parameters should be coherent with the previous calculation
18:09:39.885:  The system is treated as a semi-conductor/insulator
18:09:39.886:  Initializing states ... done
18:09:39.888:  Converting states from pwscf format to file 'states' ... done
18:09:40.612:  Start from a DFT calculation
18:09:40.614:  Initializing states ... done
18:09:40.615:  Reading states from file 'states' ... done
18:09:40.916:  The cutoff for single particle wfc is:   14.956820715 Ry
18:09:40.917:  Integration method is plasmon pole
18:09:40.917:  Plasmon energy:   13.605691720 eV
18:09:40.918:  Initializing polarizability... done
18:09:41.054:  Calculating polarizability... done
18:12:23.443:  Writing polar on file 'polar'...
18:12:24.021:   done
18:12:24.022:  Initializing w ...done
18:12:24.201:  Calculating w ...done
18:12:32.926:  Initilazing static macroscopic dielectric constant...done
18:12:32.927:  Writing static macroscopic dielectric constant...done
18:12:32.929:  Smoothing w ...
18:12:34.351:  ... done
18:12:34.351:  Writing w on file '.smooth' ...
18:12:34.590:  ... done
18:12:34.590:  Initializing plasmon pole parameters ...done
18:12:34.787:  Calculating plasmon pole parameters ...done
18:12:37.528:  Writing pp_parameters on file 'pp_parameters' ...
18:12:37.736:  ... done
18:12:37.740:  Writing here final mallinfo ...
  0           0           0           0           0           0           0MALLINFO
18:12:37.829:  ... done
18:12:37.830:  Writing here final PW statistics ...
 Pw library statistics
 rank          : 0
 integer       : -64
 basis integer : 0
 real          : 0
 complex       : 13161253
 Pw library end statistics
18:12:37.831:  ... done
18:12:37.831:  Program GW ends
